<?xml version="1.0" encoding="UTF-8"?>
<!-- Generated by org.testng.reporters.JUnitReportReporter -->
<testsuite hostname="AvinashReddy-PC" name="com.Seleniumdemo.NewTestngClass" tests="2" failures="0" timestamp="30 Jun 2017 02:26:23 GMT" time="0.020" errors="0">
  <testcase name="f" time="0.004" classname="com.Seleniumdemo.NewTestngClass"/>
  <testcase name="A" time="0.016" classname="com.Seleniumdemo.NewTestngClass"/>
</testsuite> <!-- com.Seleniumdemo.NewTestngClass -->
