<?xml version="1.0" encoding="UTF-8"?>
<!-- Generated by org.testng.reporters.JUnitReportReporter -->
<testsuite hostname="AvinashReddy-PC" name="com.Seleniumdemo.RadiobuttonsAndOtherElements" tests="1" failures="0" timestamp="26 Jun 2017 10:56:57 GMT" time="33.200" errors="0">
  <testcase name="radioButtons" time="33.200" classname="com.Seleniumdemo.RadiobuttonsAndOtherElements"/>
</testsuite> <!-- com.Seleniumdemo.RadiobuttonsAndOtherElements -->
